{
"contracts/Registrar/Registrar.sol":{"l":{"48":0,"50":0,"51":0,"52":0,"54":0,"55":0,"57":0,"58":0,"59":0,"61":0,"63":0,"71":0,"80":0,"89":0},"path":"/Users/neo/Code/ZNS/contracts/Registrar/Registrar.sol","s":{"1":0,"2":0,"3":0,"4":0,"5":0,"6":0,"7":0,"8":0,"9":0,"10":0,"11":0,"12":0,"13":0,"14":0},"b":{},"f":{"1":0,"2":0,"3":0,"4":0},"fnMap":{"1":{"name":"createRegistry","line":40,"loc":{"start":{"line":40,"column":4},"end":{"line":64,"column":4}}},"2":{"name":"getRegistrarLength","line":70,"loc":{"start":{"line":70,"column":4},"end":{"line":72,"column":4}}},"3":{"name":"getRegistryController","line":79,"loc":{"start":{"line":79,"column":4},"end":{"line":81,"column":4}}},"4":{"name":"getRegistryType","line":88,"loc":{"start":{"line":88,"column":4},"end":{"line":90,"column":4}}}},"statementMap":{"1":{"start":{"line":48,"column":8},"end":{"line":48,"column":32}},"2":{"start":{"line":50,"column":8},"end":{"line":50,"column":72}},"3":{"start":{"line":51,"column":8},"end":{"line":51,"column":52}},"4":{"start":{"line":52,"column":8},"end":{"line":52,"column":47}},"5":{"start":{"line":54,"column":8},"end":{"line":54,"column":64}},"6":{"start":{"line":55,"column":8},"end":{"line":55,"column":54}},"7":{"start":{"line":57,"column":8},"end":{"line":57,"column":60}},"8":{"start":{"line":58,"column":8},"end":{"line":58,"column":44}},"9":{"start":{"line":59,"column":8},"end":{"line":59,"column":56}},"10":{"start":{"line":61,"column":8},"end":{"line":61,"column":54}},"11":{"start":{"line":63,"column":8},"end":{"line":63,"column":83}},"12":{"start":{"line":71,"column":8},"end":{"line":71,"column":31}},"13":{"start":{"line":80,"column":8},"end":{"line":80,"column":46}},"14":{"start":{"line":89,"column":8},"end":{"line":89,"column":48}}},"branchMap":{}},
"contracts/Registry/Registry.sol":{"l":{"55":0,"56":0,"57":0,"58":0,"74":0,"75":0,"76":0,"77":0,"78":0,"80":0,"90":0,"91":0,"101":0,"102":0,"114":0,"126":0,"138":0,"151":0,"152":0,"154":0},"path":"/Users/neo/Code/ZNS/contracts/Registry/Registry.sol","s":{"1":0,"2":0,"3":0,"4":0,"5":0,"6":0,"7":0,"8":0,"9":0,"10":0,"11":0,"12":0,"13":0,"14":0,"15":0,"16":0,"17":0,"18":0,"19":0,"20":0,"21":0},"b":{"1":[0,0],"2":[0,0]},"f":{"1":0,"2":0,"3":0,"4":0,"5":0,"6":0,"7":0,"8":0},"fnMap":{"1":{"name":"initialize","line":52,"loc":{"start":{"line":46,"column":4},"end":{"line":59,"column":4}}},"2":{"name":"createRegistryEntry","line":69,"loc":{"start":{"line":69,"column":4},"end":{"line":82,"column":4}}},"3":{"name":"setRegistryRef","line":89,"loc":{"start":{"line":89,"column":4},"end":{"line":92,"column":4}}},"4":{"name":"setRegistryEntryRef","line":100,"loc":{"start":{"line":100,"column":4},"end":{"line":103,"column":4}}},"5":{"name":"getRegistry","line":109,"loc":{"start":{"line":109,"column":4},"end":{"line":115,"column":4}}},"6":{"name":"getRef","line":121,"loc":{"start":{"line":121,"column":4},"end":{"line":127,"column":4}}},"7":{"name":"getRegistryEntryRef","line":134,"loc":{"start":{"line":134,"column":4},"end":{"line":139,"column":4}}},"8":{"name":"isRegistered","line":146,"loc":{"start":{"line":146,"column":4},"end":{"line":155,"column":4}}}},"statementMap":{"1":{"start":{"line":55,"column":8},"end":{"line":55,"column":23}},"2":{"start":{"line":56,"column":8},"end":{"line":56,"column":17}},"3":{"start":{"line":57,"column":8},"end":{"line":57,"column":35}},"4":{"start":{"line":58,"column":8},"end":{"line":58,"column":37}},"5":{"start":{"line":74,"column":8},"end":{"line":74,"column":57}},"6":{"start":{"line":75,"column":8},"end":{"line":75,"column":2382}},"7":{"start":{"line":76,"column":12},"end":{"line":76,"column":50}},"8":{"start":{"line":77,"column":12},"end":{"line":77,"column":55}},"9":{"start":{"line":78,"column":12},"end":{"line":78,"column":43}},"10":{"start":{"line":80,"column":12},"end":{"line":80,"column":55}},"11":{"start":{"line":90,"column":8},"end":{"line":90,"column":20}},"12":{"start":{"line":91,"column":8},"end":{"line":91,"column":32}},"13":{"start":{"line":101,"column":8},"end":{"line":101,"column":49}},"14":{"start":{"line":102,"column":8},"end":{"line":102,"column":66}},"15":{"start":{"line":114,"column":8},"end":{"line":114,"column":63}},"16":{"start":{"line":126,"column":8},"end":{"line":126,"column":18}},"17":{"start":{"line":138,"column":8},"end":{"line":138,"column":47}},"18":{"start":{"line":151,"column":8},"end":{"line":151,"column":4379}},"19":{"start":{"line":152,"column":12},"end":{"line":152,"column":102}},"20":{"start":{"line":152,"column":86},"end":{"line":152,"column":102}},"21":{"start":{"line":154,"column":8},"end":{"line":154,"column":25}}},"branchMap":{"1":{"line":75,"type":"if","locations":[{"start":{"line":75,"column":8},"end":{"line":75,"column":8}},{"start":{"line":75,"column":8},"end":{"line":75,"column":8}}]},"2":{"line":152,"type":"if","locations":[{"start":{"line":152,"column":12},"end":{"line":152,"column":12}},{"start":{"line":152,"column":12},"end":{"line":152,"column":12}}]}}},
"contracts/RegistryController/RegistryController.sol":{"l":{"53":0,"54":0,"55":0,"56":0,"58":0,"70":0,"71":0,"73":0,"88":0,"89":0,"90":0,"92":0,"93":0,"95":0,"108":0,"109":0,"111":0,"126":0,"127":0,"129":0,"133":0,"137":0,"141":0},"path":"/Users/neo/Code/ZNS/contracts/RegistryController/RegistryController.sol","s":{"1":0,"2":0,"3":0,"4":0,"5":0,"6":0,"7":0,"8":0,"9":0,"10":0,"11":0,"12":0,"13":0,"14":0,"15":0,"16":0,"17":0,"18":0,"19":0,"20":0,"21":0,"22":0,"23":0},"b":{"1":[0,0]},"f":{"1":0,"2":0,"3":0,"4":0,"5":0,"6":0,"7":0,"8":0},"fnMap":{"1":{"name":"initialize","line":51,"loc":{"start":{"line":48,"column":4},"end":{"line":59,"column":4}}},"2":{"name":"setStakePrice","line":66,"loc":{"start":{"line":66,"column":4},"end":{"line":74,"column":4}}},"3":{"name":"createRegistryEntry","line":82,"loc":{"start":{"line":82,"column":4},"end":{"line":96,"column":4}}},"4":{"name":"setRegistryRef","line":103,"loc":{"start":{"line":103,"column":4},"end":{"line":112,"column":4}}},"5":{"name":"setRegistryEntryRef","line":120,"loc":{"start":{"line":120,"column":4},"end":{"line":130,"column":4}}},"6":{"name":"getRef","line":132,"loc":{"start":{"line":132,"column":4},"end":{"line":134,"column":4}}},"7":{"name":"getStakePrice","line":136,"loc":{"start":{"line":136,"column":4},"end":{"line":138,"column":4}}},"8":{"name":"getRegistryEntryRef","line":140,"loc":{"start":{"line":140,"column":4},"end":{"line":142,"column":4}}}},"statementMap":{"1":{"start":{"line":53,"column":8},"end":{"line":53,"column":52}},"2":{"start":{"line":54,"column":8},"end":{"line":54,"column":27}},"3":{"start":{"line":55,"column":8},"end":{"line":55,"column":62}},"4":{"start":{"line":56,"column":8},"end":{"line":56,"column":37}},"5":{"start":{"line":58,"column":8},"end":{"line":58,"column":69}},"6":{"start":{"line":70,"column":8},"end":{"line":70,"column":50}},"7":{"start":{"line":71,"column":8},"end":{"line":71,"column":46}},"8":{"start":{"line":73,"column":8},"end":{"line":73,"column":42}},"9":{"start":{"line":88,"column":8},"end":{"line":88,"column":53}},"10":{"start":{"line":89,"column":8},"end":{"line":89,"column":65}},"11":{"start":{"line":90,"column":8},"end":{"line":90,"column":33}},"12":{"start":{"line":92,"column":8},"end":{"line":92,"column":59}},"13":{"start":{"line":93,"column":8},"end":{"line":93,"column":83}},"14":{"start":{"line":95,"column":8},"end":{"line":95,"column":79}},"15":{"start":{"line":108,"column":8},"end":{"line":108,"column":39}},"16":{"start":{"line":109,"column":8},"end":{"line":109,"column":60}},"17":{"start":{"line":111,"column":8},"end":{"line":111,"column":51}},"18":{"start":{"line":126,"column":8},"end":{"line":126,"column":56}},"19":{"start":{"line":127,"column":8},"end":{"line":127,"column":88}},"20":{"start":{"line":129,"column":8},"end":{"line":129,"column":73}},"21":{"start":{"line":133,"column":8},"end":{"line":133,"column":32}},"22":{"start":{"line":137,"column":8},"end":{"line":137,"column":41}},"23":{"start":{"line":141,"column":8},"end":{"line":141,"column":55}}},"branchMap":{"1":{"line":90,"type":"if","locations":[{"start":{"line":90,"column":8},"end":{"line":90,"column":8}},{"start":{"line":90,"column":8},"end":{"line":90,"column":8}}]}}},
"contracts/RegistryController/RegistryControllerI.sol":{"l":{},"path":"/Users/neo/Code/ZNS/contracts/RegistryController/RegistryControllerI.sol","s":{},"b":{},"f":{},"fnMap":{},"statementMap":{},"branchMap":{}},
"contracts/RegistryToken/RegistryToken.sol":{"l":{"61":0,"62":0,"63":0,"76":0,"77":0,"78":0,"79":0,"80":0,"81":0,"93":0,"94":0,"95":0,"96":0,"97":0,"112":0,"113":0,"115":0,"125":0,"126":0,"127":0,"139":0,"141":0,"142":0,"144":0,"145":0,"146":0,"148":0,"160":0,"162":0,"163":0,"164":0,"165":0,"167":0,"168":0,"170":0,"183":0,"197":0,"209":0,"217":0,"225":0},"path":"/Users/neo/Code/ZNS/contracts/RegistryToken/RegistryToken.sol","s":{"1":0,"2":0,"3":0,"4":0,"5":0,"6":0,"7":0,"8":0,"9":0,"10":0,"11":0,"12":0,"13":0,"14":0,"15":0,"16":0,"17":0,"18":0,"19":0,"20":0,"21":0,"22":0,"23":0,"24":0,"25":0,"26":0,"27":0,"28":0,"29":0,"30":0,"31":0,"32":0,"33":0,"34":0,"35":0,"36":0,"37":0,"38":0,"39":0,"40":0},"b":{"1":[0,0],"2":[0,0],"3":[0,0],"4":[0,0],"5":[0,0],"6":[0,0],"7":[0,0]},"f":{"1":0,"2":0,"3":0,"4":0,"5":0,"6":0,"7":0,"8":0,"9":0,"10":0,"11":0},"fnMap":{"1":{"name":"initialize","line":59,"loc":{"start":{"line":51,"column":4},"end":{"line":64,"column":4}}},"2":{"name":"addStaker","line":72,"loc":{"start":{"line":72,"column":4},"end":{"line":83,"column":4}}},"3":{"name":"removeStaker","line":90,"loc":{"start":{"line":90,"column":4},"end":{"line":99,"column":4}}},"4":{"name":"isStaker","line":107,"loc":{"start":{"line":107,"column":4},"end":{"line":116,"column":4}}},"5":{"name":"setStakePrice","line":124,"loc":{"start":{"line":124,"column":4},"end":{"line":128,"column":4}}},"6":{"name":"depositStake","line":135,"loc":{"start":{"line":135,"column":4},"end":{"line":149,"column":4}}},"7":{"name":"withdrawStake","line":156,"loc":{"start":{"line":156,"column":4},"end":{"line":171,"column":4}}},"8":{"name":"getBalance","line":178,"loc":{"start":{"line":178,"column":4},"end":{"line":184,"column":4}}},"9":{"name":"getBalanceAddress","line":192,"loc":{"start":{"line":192,"column":4},"end":{"line":198,"column":4}}},"10":{"name":"getAddress","line":204,"loc":{"start":{"line":204,"column":4},"end":{"line":210,"column":4}}},"11":{"name":null,"line":216,"loc":{"start":{"line":216,"column":4},"end":{"line":218,"column":4}}}},"statementMap":{"1":{"start":{"line":61,"column":8},"end":{"line":61,"column":62}},"2":{"start":{"line":62,"column":8},"end":{"line":62,"column":31}},"3":{"start":{"line":63,"column":8},"end":{"line":63,"column":94}},"4":{"start":{"line":76,"column":8},"end":{"line":76,"column":46}},"5":{"start":{"line":77,"column":8},"end":{"line":77,"column":58}},"6":{"start":{"line":78,"column":8},"end":{"line":78,"column":3032}},"7":{"start":{"line":79,"column":12},"end":{"line":79,"column":32}},"8":{"start":{"line":80,"column":12},"end":{"line":80,"column":37}},"9":{"start":{"line":81,"column":12},"end":{"line":81,"column":29}},"10":{"start":{"line":93,"column":8},"end":{"line":93,"column":55}},"11":{"start":{"line":94,"column":8},"end":{"line":94,"column":3470}},"12":{"start":{"line":95,"column":12},"end":{"line":95,"column":51}},"13":{"start":{"line":96,"column":12},"end":{"line":96,"column":24}},"14":{"start":{"line":97,"column":12},"end":{"line":97,"column":39}},"15":{"start":{"line":112,"column":8},"end":{"line":112,"column":4040}},"16":{"start":{"line":113,"column":12},"end":{"line":113,"column":56}},"17":{"start":{"line":113,"column":40},"end":{"line":113,"column":56}},"18":{"start":{"line":115,"column":8},"end":{"line":115,"column":25}},"19":{"start":{"line":125,"column":8},"end":{"line":125,"column":34}},"20":{"start":{"line":126,"column":8},"end":{"line":126,"column":38}},"21":{"start":{"line":127,"column":8},"end":{"line":127,"column":25}},"22":{"start":{"line":139,"column":8},"end":{"line":139,"column":39}},"23":{"start":{"line":141,"column":8},"end":{"line":141,"column":63}},"24":{"start":{"line":142,"column":8},"end":{"line":142,"column":51}},"25":{"start":{"line":144,"column":8},"end":{"line":144,"column":35}},"26":{"start":{"line":145,"column":8},"end":{"line":145,"column":27}},"27":{"start":{"line":146,"column":8},"end":{"line":146,"column":41}},"28":{"start":{"line":148,"column":8},"end":{"line":148,"column":73}},"29":{"start":{"line":160,"column":8},"end":{"line":160,"column":39}},"30":{"start":{"line":162,"column":8},"end":{"line":162,"column":43}},"31":{"start":{"line":163,"column":8},"end":{"line":163,"column":28}},"32":{"start":{"line":164,"column":8},"end":{"line":164,"column":38}},"33":{"start":{"line":165,"column":8},"end":{"line":165,"column":32}},"34":{"start":{"line":167,"column":8},"end":{"line":167,"column":63}},"35":{"start":{"line":168,"column":8},"end":{"line":168,"column":52}},"36":{"start":{"line":170,"column":8},"end":{"line":170,"column":72}},"37":{"start":{"line":183,"column":8},"end":{"line":183,"column":22}},"38":{"start":{"line":197,"column":8},"end":{"line":197,"column":34}},"39":{"start":{"line":209,"column":8},"end":{"line":209,"column":37}},"40":{"start":{"line":217,"column":8},"end":{"line":217,"column":21}}},"branchMap":{"1":{"line":78,"type":"if","locations":[{"start":{"line":78,"column":8},"end":{"line":78,"column":8}},{"start":{"line":78,"column":8},"end":{"line":78,"column":8}}]},"2":{"line":94,"type":"if","locations":[{"start":{"line":94,"column":8},"end":{"line":94,"column":8}},{"start":{"line":94,"column":8},"end":{"line":94,"column":8}}]},"3":{"line":113,"type":"if","locations":[{"start":{"line":113,"column":12},"end":{"line":113,"column":12}},{"start":{"line":113,"column":12},"end":{"line":113,"column":12}}]},"4":{"line":139,"type":"if","locations":[{"start":{"line":139,"column":8},"end":{"line":139,"column":8}},{"start":{"line":139,"column":8},"end":{"line":139,"column":8}}]},"5":{"line":142,"type":"if","locations":[{"start":{"line":142,"column":8},"end":{"line":142,"column":8}},{"start":{"line":142,"column":8},"end":{"line":142,"column":8}}]},"6":{"line":160,"type":"if","locations":[{"start":{"line":160,"column":8},"end":{"line":160,"column":8}},{"start":{"line":160,"column":8},"end":{"line":160,"column":8}}]},"7":{"line":168,"type":"if","locations":[{"start":{"line":168,"column":8},"end":{"line":168,"column":8}},{"start":{"line":168,"column":8},"end":{"line":168,"column":8}}]}}}}
