TN:
SF:/Users/neo/Code/ZNS/contracts/Registrar/Registrar.sol
FN:40,createRegistry
FN:70,getRegistrarLength
FN:79,getRegistryController
FN:88,getRegistryType
FNF:4
FNH:0
FNDA:0,createRegistry
FNDA:0,getRegistrarLength
FNDA:0,getRegistryController
FNDA:0,getRegistryType
DA:48,0
DA:50,0
DA:51,0
DA:52,0
DA:54,0
DA:55,0
DA:57,0
DA:58,0
DA:59,0
DA:61,0
DA:63,0
DA:71,0
DA:80,0
DA:89,0
LF:14
LH:0
BRF:0
BRH:0
end_of_record
TN:
SF:/Users/neo/Code/ZNS/contracts/Registry/Registry.sol
FN:52,initialize
FN:69,createRegistryEntry
FN:89,setRegistryRef
FN:100,setRegistryEntryRef
FN:109,getRegistry
FN:121,getRef
FN:134,getRegistryEntryRef
FN:146,isRegistered
FNF:8
FNH:0
FNDA:0,initialize
FNDA:0,createRegistryEntry
FNDA:0,setRegistryRef
FNDA:0,setRegistryEntryRef
FNDA:0,getRegistry
FNDA:0,getRef
FNDA:0,getRegistryEntryRef
FNDA:0,isRegistered
DA:55,0
DA:56,0
DA:57,0
DA:58,0
DA:74,0
DA:75,0
DA:76,0
DA:77,0
DA:78,0
DA:80,0
DA:90,0
DA:91,0
DA:101,0
DA:102,0
DA:114,0
DA:126,0
DA:138,0
DA:151,0
DA:152,0
DA:154,0
LF:20
LH:0
BRDA:75,1,0,0
BRDA:75,1,1,0
BRDA:152,2,0,0
BRDA:152,2,1,0
BRF:4
BRH:0
end_of_record
TN:
SF:/Users/neo/Code/ZNS/contracts/RegistryController/RegistryController.sol
FN:51,initialize
FN:66,setStakePrice
FN:82,createRegistryEntry
FN:103,setRegistryRef
FN:120,setRegistryEntryRef
FN:132,getRef
FN:136,getStakePrice
FN:140,getRegistryEntryRef
FNF:8
FNH:0
FNDA:0,initialize
FNDA:0,setStakePrice
FNDA:0,createRegistryEntry
FNDA:0,setRegistryRef
FNDA:0,setRegistryEntryRef
FNDA:0,getRef
FNDA:0,getStakePrice
FNDA:0,getRegistryEntryRef
DA:53,0
DA:54,0
DA:55,0
DA:56,0
DA:58,0
DA:70,0
DA:71,0
DA:73,0
DA:88,0
DA:89,0
DA:90,0
DA:92,0
DA:93,0
DA:95,0
DA:108,0
DA:109,0
DA:111,0
DA:126,0
DA:127,0
DA:129,0
DA:133,0
DA:137,0
DA:141,0
LF:23
LH:0
BRDA:90,1,0,0
BRDA:90,1,1,0
BRF:2
BRH:0
end_of_record
TN:
SF:/Users/neo/Code/ZNS/contracts/RegistryController/RegistryControllerI.sol
FNF:0
FNH:0
LF:0
LH:0
BRF:0
BRH:0
end_of_record
TN:
SF:/Users/neo/Code/ZNS/contracts/RegistryToken/RegistryToken.sol
FN:59,initialize
FN:72,addStaker
FN:90,removeStaker
FN:107,isStaker
FN:124,setStakePrice
FN:135,depositStake
FN:156,withdrawStake
FN:178,getBalance
FN:192,getBalanceAddress
FN:204,getAddress
FN:216,
FNF:11
FNH:0
FNDA:0,initialize
FNDA:0,addStaker
FNDA:0,removeStaker
FNDA:0,isStaker
FNDA:0,setStakePrice
FNDA:0,depositStake
FNDA:0,withdrawStake
FNDA:0,getBalance
FNDA:0,getBalanceAddress
FNDA:0,getAddress
FNDA:0,
DA:61,0
DA:62,0
DA:63,0
DA:76,0
DA:77,0
DA:78,0
DA:79,0
DA:80,0
DA:81,0
DA:93,0
DA:94,0
DA:95,0
DA:96,0
DA:97,0
DA:112,0
DA:113,0
DA:115,0
DA:125,0
DA:126,0
DA:127,0
DA:139,0
DA:141,0
DA:142,0
DA:144,0
DA:145,0
DA:146,0
DA:148,0
DA:160,0
DA:162,0
DA:163,0
DA:164,0
DA:165,0
DA:167,0
DA:168,0
DA:170,0
DA:183,0
DA:197,0
DA:209,0
DA:217,0
DA:225,0
LF:40
LH:0
BRDA:78,1,0,0
BRDA:78,1,1,0
BRDA:94,2,0,0
BRDA:94,2,1,0
BRDA:113,3,0,0
BRDA:113,3,1,0
BRDA:139,4,0,0
BRDA:139,4,1,0
BRDA:142,5,0,0
BRDA:142,5,1,0
BRDA:160,6,0,0
BRDA:160,6,1,0
BRDA:168,7,0,0
BRDA:168,7,1,0
BRF:14
BRH:0
end_of_record
